Performing C++ SOURCE FILE Test COMPILER_KNOWS_STDLIB failed with the following output:
Change Dir: /home/otserv/global1094/sources/build/CMakeFiles/CMakeTmp

Run Build Command:/usr/bin/make "cmTryCompileExec3812488751/fast"
/usr/bin/make -f CMakeFiles/cmTryCompileExec3812488751.dir/build.make CMakeFiles/cmTryCompileExec3812488751.dir/build
make[1]: Entering directory `/home/otserv/global1094/sources/build/CMakeFiles/CMakeTmp'
/usr/bin/cmake -E cmake_progress_report /home/otserv/global1094/sources/build/CMakeFiles/CMakeTmp/CMakeFiles 1
Building CXX object CMakeFiles/cmTryCompileExec3812488751.dir/src.cxx.o
/usr/bin/c++    -Wall -Werror -pipe -fno-strict-aliasing -std=c++11 -DCOMPILER_KNOWS_STDLIB   -stdlib=libc++ -o CMakeFiles/cmTryCompileExec3812488751.dir/src.cxx.o -c /home/otserv/global1094/sources/build/CMakeFiles/CMakeTmp/src.cxx
c++: error: unrecognized command line option '-stdlib=libc++'
make[1]: *** [CMakeFiles/cmTryCompileExec3812488751.dir/src.cxx.o] Error 1
make[1]: Leaving directory `/home/otserv/global1094/sources/build/CMakeFiles/CMakeTmp'
make: *** [cmTryCompileExec3812488751/fast] Error 2

Source file was:
int main() { return 0;}
Determining if the pthread_create exist failed with the following output:
Change Dir: /home/otserv/global1094/sources/build/CMakeFiles/CMakeTmp

Run Build Command:/usr/bin/make "cmTryCompileExec806786483/fast"
/usr/bin/make -f CMakeFiles/cmTryCompileExec806786483.dir/build.make CMakeFiles/cmTryCompileExec806786483.dir/build
make[1]: Entering directory `/home/otserv/global1094/sources/build/CMakeFiles/CMakeTmp'
/usr/bin/cmake -E cmake_progress_report /home/otserv/global1094/sources/build/CMakeFiles/CMakeTmp/CMakeFiles 1
Building C object CMakeFiles/cmTryCompileExec806786483.dir/CheckSymbolExists.c.o
/usr/bin/cc    -o CMakeFiles/cmTryCompileExec806786483.dir/CheckSymbolExists.c.o   -c /home/otserv/global1094/sources/build/CMakeFiles/CMakeTmp/CheckSymbolExists.c
Linking C executable cmTryCompileExec806786483
/usr/bin/cmake -E cmake_link_script CMakeFiles/cmTryCompileExec806786483.dir/link.txt --verbose=1
/usr/bin/cc       CMakeFiles/cmTryCompileExec806786483.dir/CheckSymbolExists.c.o  -o cmTryCompileExec806786483 -rdynamic 
CMakeFiles/cmTryCompileExec806786483.dir/CheckSymbolExists.c.o: In function `main':
CheckSymbolExists.c:(.text+0x16): undefined reference to `pthread_create'
collect2: error: ld returned 1 exit status
make[1]: Leaving directory `/home/otserv/global1094/sources/build/CMakeFiles/CMakeTmp'
make[1]: *** [cmTryCompileExec806786483] Error 1
make: *** [cmTryCompileExec806786483/fast] Error 2

File /home/otserv/global1094/sources/build/CMakeFiles/CMakeTmp/CheckSymbolExists.c:
/* */
#include <pthread.h>

int main(int argc, char** argv)
{
  (void)argv;
#ifndef pthread_create
  return ((int*)(&pthread_create))[argc];
#else
  (void)argc;
  return 0;
#endif
}

Determining if the function pthread_create exists in the pthreads failed with the following output:
Change Dir: /home/otserv/global1094/sources/build/CMakeFiles/CMakeTmp

Run Build Command:/usr/bin/make "cmTryCompileExec2994458117/fast"
/usr/bin/make -f CMakeFiles/cmTryCompileExec2994458117.dir/build.make CMakeFiles/cmTryCompileExec2994458117.dir/build
make[1]: Entering directory `/home/otserv/global1094/sources/build/CMakeFiles/CMakeTmp'
/usr/bin/cmake -E cmake_progress_report /home/otserv/global1094/sources/build/CMakeFiles/CMakeTmp/CMakeFiles 1
Building C object CMakeFiles/cmTryCompileExec2994458117.dir/CheckFunctionExists.c.o
/usr/bin/cc   -DCHECK_FUNCTION_EXISTS=pthread_create   -o CMakeFiles/cmTryCompileExec2994458117.dir/CheckFunctionExists.c.o   -c /usr/share/cmake-2.8/Modules/CheckFunctionExists.c
Linking C executable cmTryCompileExec2994458117
/usr/bin/cmake -E cmake_link_script CMakeFiles/cmTryCompileExec2994458117.dir/link.txt --verbose=1
/usr/bin/cc   -DCHECK_FUNCTION_EXISTS=pthread_create    CMakeFiles/cmTryCompileExec2994458117.dir/CheckFunctionExists.c.o  -o cmTryCompileExec2994458117 -rdynamic -lpthreads 
/usr/bin/ld: cannot find -lpthreads
collect2: error: ld returned 1 exit status
make[1]: *** [cmTryCompileExec2994458117] Error 1
make[1]: Leaving directory `/home/otserv/global1094/sources/build/CMakeFiles/CMakeTmp'
make: *** [cmTryCompileExec2994458117/fast] Error 2


